<?xml version="1.0" encoding="UTF-8"?>
<!-- Generated by org.testng.reporters.JUnitReportReporter -->
<testsuite hostname="ismails-MacBook-Pro.local" name="home.NavigationTab" tests="1" failures="0" timestamp="7 Apr 2014 22:17:28 GMT" time="75.085" errors="0">
  <testcase name="test" time="75.085" classname="home.NavigationTab"/>
</testsuite> <!-- home.NavigationTab -->
